<?xml version="1.0" encoding="UTF-8"?>
<!-- Generated by org.testng.reporters.JUnitReportReporter -->
<testsuite skipped="0" hostname="gausing-WX-1" name="Tests.TestLogin" tests="1" failures="0" timestamp="08 Aug 2020 20:55:26 GMT" time="0.000" errors="0">
  <testcase name="Login_Test" time="0.000" classname="Tests.TestLogin"/>
</testsuite> <!-- Tests.TestLogin -->
